/data/dlt/mambaforge/envs/DeepKorean-23.03/bin/python /data/dlt/proj/DeepKorean-23.03/tests/1-doc_cls-train.py
|   # | GpuProjectEnv   | value                                                 |
|----:|:----------------|:------------------------------------------------------|
|   1 | hostname        | dl012                                                 |
|   2 | hostaddr        | 129.254.182.78                                        |
|   3 | python_path     | /data/dlt/mambaforge/envs/DeepKorean-23.03/bin/python |
|   4 | project_name    | DeepKorean                                            |
|   5 | project_path    | /data/dlt/proj/DeepKorean-23.03                       |
|   6 | working_path    | /data/dlt/proj/DeepKorean-23.03                       |
|   7 | running_file    | tests/1-doc_cls-train.py                              |
|   8 | working_gpus    | 0                                                     |
|   9 | number_of_gpus  | 1                                                     |
-----------------------------------------------------------------------------------------------------------------------------------------
|   # | ClassificationTrainArguments   | value                                |
|----:|:-------------------------------|:-------------------------------------|
|   1 | working_config_file            | 1-doc_cls-train.json                 |
|   2 | pretrained_model_path          | model/pretrained/KcBERT-Base         |
|   3 | downstream_model_path          | model/finetuned/nsmc                 |
|   4 | downstream_model_file          | {epoch}-{val_loss:.3f}-{val_acc:.3f} |
|   5 | downstream_data_home           | data                                 |
|   6 | downstream_data_name           | nsmc                                 |
|   7 | downstream_task_name           | document-classification              |
|   8 | max_seq_length                 | 128                                  |
|   9 | save_top_k                     | 3                                    |
|  10 | monitor                        | max val_acc                          |
|  11 | seed                           | 7                                    |
|  12 | overwrite_cache                | False                                |
|  13 | force_download                 | False                                |
|  14 | test_mode                      | False                                |
|  15 | learning_rate                  | 5e-05                                |
|  16 | epochs                         | 3                                    |
|  17 | batch_size                     | 360                                  |
|  18 | cpu_workers                    | 24                                   |
|  19 | fp16                           | False                                |
-----------------------------------------------------------------------------------------------------------------------------------------

=========================================================================================================================================
[03.21 12:43:23] [INIT] chrialab.ratsnlp train(config=model/finetuned/nsmc/1-doc_cls-train.json, prefix=, postfix=)
=========================================================================================================================================
set seed: 7
-----------------------------------------------------------------------------------------------------------------------------------------
[Korpora] Corpus `nsmc` is already installed at /data/dlt/proj/DeepKorean-23.03/data/nsmc/ratings_train.txt
[Korpora] Corpus `nsmc` is already installed at /data/dlt/proj/DeepKorean-23.03/data/nsmc/ratings_test.txt
-----------------------------------------------------------------------------------------------------------------------------------------
tokenizer=BertTokenizer(name_or_path='model/pretrained/KcBERT-Base', vocab_size=30000, model_max_length=300, is_fast=False, padding_side='right', truncation_side='right', special_tokens={'unk_token': '[UNK]', 'sep_token': '[SEP]', 'pad_token': '[PAD]', 'cls_token': '[CLS]', 'mask_token': '[MASK]'})
tokenized=['안녕', '##하세요', '.', '반', '##갑', '##습니다', '.']
-----------------------------------------------------------------------------------------------------------------------------------------
INFO:ratsnlp:Loading features from cached file data/nsmc/cached_train_BertTokenizer_128_nsmc_document-classification [took 21.769 s]
-----------------------------------------------------------------------------------------------------------------------------------------
INFO:ratsnlp:Loading features from cached file data/nsmc/cached_test_BertTokenizer_128_nsmc_document-classification [took 7.369 s]
-----------------------------------------------------------------------------------------------------------------------------------------
Some weights of the model checkpoint at model/pretrained/KcBERT-Base were not used when initializing BertForSequenceClassification: ['cls.predictions.decoder.weight', 'cls.predictions.decoder.bias', 'cls.predictions.bias', 'cls.predictions.transform.dense.bias', 'cls.predictions.transform.LayerNorm.weight', 'cls.predictions.transform.LayerNorm.bias', 'cls.seq_relationship.bias', 'cls.seq_relationship.weight', 'cls.predictions.transform.dense.weight']
- This IS expected if you are initializing BertForSequenceClassification from the checkpoint of a model trained on another task or with another architecture (e.g. initializing a BertForSequenceClassification model from a BertForPreTraining model).
- This IS NOT expected if you are initializing BertForSequenceClassification from the checkpoint of a model that you expect to be exactly identical (initializing a BertForSequenceClassification model from a BertForSequenceClassification model).
Some weights of BertForSequenceClassification were not initialized from the model checkpoint at model/pretrained/KcBERT-Base and are newly initialized: ['classifier.weight', 'classifier.bias']
You should probably TRAIN this model on a down-stream task to be able to use it for predictions and inference.
-----------------------------------------------------------------------------------------------------------------------------------------
GPU available: True (cuda), used: True
TPU available: False, using: 0 TPU cores
IPU available: False, using: 0 IPUs
HPU available: False, using: 0 HPUs
/data/dlt/proj/DeepKorean-23.03/lightning/src/lightning/pytorch/callbacks/model_checkpoint.py:612: UserWarning: Checkpoint directory /data/dlt/proj/DeepKorean-23.03/model/finetuned/nsmc exists and is not empty.
  rank_zero_warn(f"Checkpoint directory {dirpath} exists and is not empty.")
Missing logger folder: /data/dlt/proj/DeepKorean-23.03/model/finetuned/nsmc/lightning_logs
LOCAL_RANK: 0 - CUDA_VISIBLE_DEVICES: [0]

  | Name  | Type                          | Params
--------------------------------------------------------
0 | model | BertForSequenceClassification | 108 M
--------------------------------------------------------
108 M     Trainable params
0         Non-trainable params
108 M     Total params
435.680   Total estimated model params size (MB)
Epoch 0: 100%|██████████| 417/417 [03:06<00:00,  2.24it/s, v_num=0, acc=0.900]
Validation: 0it [00:00, ?it/s]
Validation:   0%|          | 0/139 [00:00<?, ?it/s]
Validation DataLoader 0:   0%|          | 0/139 [00:00<?, ?it/s]
Validation DataLoader 0:   1%|          | 1/139 [00:00<00:03, 35.00it/s]
Validation DataLoader 0:   1%|▏         | 2/139 [00:00<00:11, 12.31it/s]
Validation DataLoader 0:   2%|▏         | 3/139 [00:00<00:14,  9.55it/s]
Validation DataLoader 0:   3%|▎         | 4/139 [00:00<00:15,  8.61it/s]
Validation DataLoader 0:   4%|▎         | 5/139 [00:00<00:16,  8.12it/s]
Validation DataLoader 0:   4%|▍         | 6/139 [00:00<00:17,  7.82it/s]
Validation DataLoader 0:   5%|▌         | 7/139 [00:00<00:17,  7.62it/s]
Validation DataLoader 0:   6%|▌         | 8/139 [00:01<00:17,  7.47it/s]
Validation DataLoader 0:   6%|▋         | 9/139 [00:01<00:17,  7.36it/s]
Validation DataLoader 0:   7%|▋         | 10/139 [00:01<00:17,  7.28it/s]
Validation DataLoader 0:   8%|▊         | 11/139 [00:01<00:17,  7.21it/s]
Validation DataLoader 0:   9%|▊         | 12/139 [00:01<00:17,  7.16it/s]
Validation DataLoader 0:   9%|▉         | 13/139 [00:01<00:17,  7.11it/s]
Validation DataLoader 0:  10%|█         | 14/139 [00:01<00:17,  7.07it/s]
Validation DataLoader 0:  11%|█         | 15/139 [00:02<00:17,  7.02it/s]
Validation DataLoader 0:  12%|█▏        | 16/139 [00:02<00:17,  7.01it/s]
Validation DataLoader 0:  12%|█▏        | 17/139 [00:02<00:17,  6.98it/s]
Validation DataLoader 0:  13%|█▎        | 18/139 [00:02<00:17,  6.96it/s]
Validation DataLoader 0:  14%|█▎        | 19/139 [00:02<00:17,  6.94it/s]
Validation DataLoader 0:  14%|█▍        | 20/139 [00:02<00:17,  6.92it/s]
Validation DataLoader 0:  15%|█▌        | 21/139 [00:03<00:17,  6.90it/s]
Validation DataLoader 0:  16%|█▌        | 22/139 [00:03<00:16,  6.89it/s]
Validation DataLoader 0:  17%|█▋        | 23/139 [00:03<00:16,  6.87it/s]
Validation DataLoader 0:  17%|█▋        | 24/139 [00:03<00:16,  6.86it/s]
Validation DataLoader 0:  18%|█▊        | 25/139 [00:03<00:16,  6.85it/s]
Validation DataLoader 0:  19%|█▊        | 26/139 [00:03<00:16,  6.84it/s]
Validation DataLoader 0:  19%|█▉        | 27/139 [00:03<00:16,  6.83it/s]
Validation DataLoader 0:  20%|██        | 28/139 [00:04<00:16,  6.82it/s]
Validation DataLoader 0:  21%|██        | 29/139 [00:04<00:16,  6.81it/s]
Validation DataLoader 0:  22%|██▏       | 30/139 [00:04<00:16,  6.81it/s]
Validation DataLoader 0:  22%|██▏       | 31/139 [00:04<00:15,  6.80it/s]
Validation DataLoader 0:  23%|██▎       | 32/139 [00:04<00:15,  6.79it/s]
Validation DataLoader 0:  24%|██▎       | 33/139 [00:04<00:15,  6.79it/s]
Validation DataLoader 0:  24%|██▍       | 34/139 [00:05<00:15,  6.78it/s]
Validation DataLoader 0:  25%|██▌       | 35/139 [00:05<00:15,  6.77it/s]
Validation DataLoader 0:  26%|██▌       | 36/139 [00:05<00:15,  6.77it/s]
Validation DataLoader 0:  27%|██▋       | 37/139 [00:05<00:15,  6.76it/s]
Validation DataLoader 0:  27%|██▋       | 38/139 [00:05<00:14,  6.76it/s]
Validation DataLoader 0:  28%|██▊       | 39/139 [00:05<00:14,  6.76it/s]
Validation DataLoader 0:  29%|██▉       | 40/139 [00:05<00:14,  6.75it/s]
Validation DataLoader 0:  29%|██▉       | 41/139 [00:06<00:14,  6.75it/s]
Validation DataLoader 0:  30%|███       | 42/139 [00:06<00:14,  6.74it/s]
Validation DataLoader 0:  31%|███       | 43/139 [00:06<00:14,  6.74it/s]
Validation DataLoader 0:  32%|███▏      | 44/139 [00:06<00:14,  6.74it/s]
Validation DataLoader 0:  32%|███▏      | 45/139 [00:06<00:13,  6.73it/s]
Validation DataLoader 0:  33%|███▎      | 46/139 [00:06<00:13,  6.73it/s]
Validation DataLoader 0:  34%|███▍      | 47/139 [00:06<00:13,  6.73it/s]
Validation DataLoader 0:  35%|███▍      | 48/139 [00:07<00:13,  6.72it/s]
Validation DataLoader 0:  35%|███▌      | 49/139 [00:07<00:13,  6.72it/s]
Validation DataLoader 0:  36%|███▌      | 50/139 [00:07<00:13,  6.72it/s]
Validation DataLoader 0:  37%|███▋      | 51/139 [00:07<00:13,  6.72it/s]
Validation DataLoader 0:  37%|███▋      | 52/139 [00:07<00:12,  6.71it/s]
Validation DataLoader 0:  38%|███▊      | 53/139 [00:07<00:12,  6.71it/s]
Validation DataLoader 0:  39%|███▉      | 54/139 [00:08<00:12,  6.71it/s]
Validation DataLoader 0:  40%|███▉      | 55/139 [00:08<00:12,  6.71it/s]
Validation DataLoader 0:  40%|████      | 56/139 [00:08<00:12,  6.70it/s]
Validation DataLoader 0:  41%|████      | 57/139 [00:08<00:12,  6.70it/s]
Validation DataLoader 0:  42%|████▏     | 58/139 [00:08<00:12,  6.70it/s]
Validation DataLoader 0:  42%|████▏     | 59/139 [00:08<00:11,  6.70it/s]
Validation DataLoader 0:  43%|████▎     | 60/139 [00:08<00:11,  6.70it/s]
Validation DataLoader 0:  44%|████▍     | 61/139 [00:09<00:11,  6.69it/s]
Validation DataLoader 0:  45%|████▍     | 62/139 [00:09<00:11,  6.69it/s]
Validation DataLoader 0:  45%|████▌     | 63/139 [00:09<00:11,  6.69it/s]
Validation DataLoader 0:  46%|████▌     | 64/139 [00:09<00:11,  6.69it/s]
Validation DataLoader 0:  47%|████▋     | 65/139 [00:09<00:11,  6.69it/s]
Validation DataLoader 0:  47%|████▋     | 66/139 [00:09<00:10,  6.68it/s]
Validation DataLoader 0:  48%|████▊     | 67/139 [00:10<00:10,  6.68it/s]
Validation DataLoader 0:  49%|████▉     | 68/139 [00:10<00:10,  6.68it/s]
Validation DataLoader 0:  50%|████▉     | 69/139 [00:10<00:10,  6.68it/s]
Validation DataLoader 0:  50%|█████     | 70/139 [00:10<00:10,  6.68it/s]
Validation DataLoader 0:  51%|█████     | 71/139 [00:10<00:10,  6.68it/s]
Validation DataLoader 0:  52%|█████▏    | 72/139 [00:10<00:10,  6.68it/s]
Validation DataLoader 0:  53%|█████▎    | 73/139 [00:10<00:09,  6.68it/s]
Validation DataLoader 0:  53%|█████▎    | 74/139 [00:11<00:09,  6.67it/s]
Validation DataLoader 0:  54%|█████▍    | 75/139 [00:11<00:09,  6.67it/s]
Validation DataLoader 0:  55%|█████▍    | 76/139 [00:11<00:09,  6.67it/s]
Validation DataLoader 0:  55%|█████▌    | 77/139 [00:11<00:09,  6.67it/s]
Validation DataLoader 0:  56%|█████▌    | 78/139 [00:11<00:09,  6.67it/s]
Validation DataLoader 0:  57%|█████▋    | 79/139 [00:11<00:08,  6.67it/s]
Validation DataLoader 0:  58%|█████▊    | 80/139 [00:11<00:08,  6.67it/s]
Validation DataLoader 0:  58%|█████▊    | 81/139 [00:12<00:08,  6.67it/s]
Validation DataLoader 0:  59%|█████▉    | 82/139 [00:12<00:08,  6.66it/s]
Validation DataLoader 0:  60%|█████▉    | 83/139 [00:12<00:08,  6.66it/s]
Validation DataLoader 0:  60%|██████    | 84/139 [00:12<00:08,  6.66it/s]
Validation DataLoader 0:  61%|██████    | 85/139 [00:12<00:08,  6.66it/s]
Validation DataLoader 0:  62%|██████▏   | 86/139 [00:12<00:07,  6.66it/s]
Validation DataLoader 0:  63%|██████▎   | 87/139 [00:13<00:07,  6.66it/s]
Validation DataLoader 0:  63%|██████▎   | 88/139 [00:13<00:07,  6.66it/s]
Validation DataLoader 0:  64%|██████▍   | 89/139 [00:13<00:07,  6.66it/s]
Validation DataLoader 0:  65%|██████▍   | 90/139 [00:13<00:07,  6.66it/s]
Validation DataLoader 0:  65%|██████▌   | 91/139 [00:13<00:07,  6.66it/s]
Validation DataLoader 0:  66%|██████▌   | 92/139 [00:13<00:07,  6.65it/s]
Validation DataLoader 0:  67%|██████▋   | 93/139 [00:13<00:06,  6.65it/s]
Validation DataLoader 0:  68%|██████▊   | 94/139 [00:14<00:06,  6.65it/s]
Validation DataLoader 0:  68%|██████▊   | 95/139 [00:14<00:06,  6.65it/s]
Validation DataLoader 0:  69%|██████▉   | 96/139 [00:14<00:06,  6.65it/s]
Validation DataLoader 0:  70%|██████▉   | 97/139 [00:14<00:06,  6.65it/s]
Validation DataLoader 0:  71%|███████   | 98/139 [00:14<00:06,  6.65it/s]
Validation DataLoader 0:  71%|███████   | 99/139 [00:14<00:06,  6.65it/s]
Validation DataLoader 0:  72%|███████▏  | 100/139 [00:15<00:05,  6.65it/s]
Validation DataLoader 0:  73%|███████▎  | 101/139 [00:15<00:05,  6.65it/s]
Validation DataLoader 0:  73%|███████▎  | 102/139 [00:15<00:05,  6.65it/s]
Validation DataLoader 0:  74%|███████▍  | 103/139 [00:15<00:05,  6.65it/s]
Validation DataLoader 0:  75%|███████▍  | 104/139 [00:15<00:05,  6.65it/s]
Validation DataLoader 0:  76%|███████▌  | 105/139 [00:15<00:05,  6.65it/s]
Validation DataLoader 0:  76%|███████▋  | 106/139 [00:15<00:04,  6.64it/s]
Validation DataLoader 0:  77%|███████▋  | 107/139 [00:16<00:04,  6.64it/s]
Validation DataLoader 0:  78%|███████▊  | 108/139 [00:16<00:04,  6.64it/s]
Validation DataLoader 0:  78%|███████▊  | 109/139 [00:16<00:04,  6.64it/s]
Validation DataLoader 0:  79%|███████▉  | 110/139 [00:16<00:04,  6.64it/s]
Validation DataLoader 0:  80%|███████▉  | 111/139 [00:16<00:04,  6.64it/s]
Validation DataLoader 0:  81%|████████  | 112/139 [00:16<00:04,  6.64it/s]
Validation DataLoader 0:  81%|████████▏ | 113/139 [00:17<00:03,  6.64it/s]
Validation DataLoader 0:  82%|████████▏ | 114/139 [00:17<00:03,  6.64it/s]
Validation DataLoader 0:  83%|████████▎ | 115/139 [00:17<00:03,  6.64it/s]
Validation DataLoader 0:  83%|████████▎ | 116/139 [00:17<00:03,  6.64it/s]
Validation DataLoader 0:  84%|████████▍ | 117/139 [00:17<00:03,  6.64it/s]
Validation DataLoader 0:  85%|████████▍ | 118/139 [00:17<00:03,  6.64it/s]
Validation DataLoader 0:  86%|████████▌ | 119/139 [00:17<00:03,  6.64it/s]
Validation DataLoader 0:  86%|████████▋ | 120/139 [00:18<00:02,  6.64it/s]
Validation DataLoader 0:  87%|████████▋ | 121/139 [00:18<00:02,  6.64it/s]
Validation DataLoader 0:  88%|████████▊ | 122/139 [00:18<00:02,  6.64it/s]
Validation DataLoader 0:  88%|████████▊ | 123/139 [00:18<00:02,  6.64it/s]
Validation DataLoader 0:  89%|████████▉ | 124/139 [00:18<00:02,  6.64it/s]
Validation DataLoader 0:  90%|████████▉ | 125/139 [00:18<00:02,  6.63it/s]
Validation DataLoader 0:  91%|█████████ | 126/139 [00:18<00:01,  6.63it/s]
Validation DataLoader 0:  91%|█████████▏| 127/139 [00:19<00:01,  6.63it/s]
Validation DataLoader 0:  92%|█████████▏| 128/139 [00:19<00:01,  6.63it/s]
Validation DataLoader 0:  93%|█████████▎| 129/139 [00:19<00:01,  6.63it/s]
Validation DataLoader 0:  94%|█████████▎| 130/139 [00:19<00:01,  6.63it/s]
Validation DataLoader 0:  94%|█████████▍| 131/139 [00:19<00:01,  6.63it/s]
Validation DataLoader 0:  95%|█████████▍| 132/139 [00:19<00:01,  6.63it/s]
Validation DataLoader 0:  96%|█████████▌| 133/139 [00:20<00:00,  6.63it/s]
Validation DataLoader 0:  96%|█████████▋| 134/139 [00:20<00:00,  6.63it/s]
Validation DataLoader 0:  97%|█████████▋| 135/139 [00:20<00:00,  6.63it/s]
Validation DataLoader 0:  98%|█████████▊| 136/139 [00:20<00:00,  6.63it/s]
Validation DataLoader 0:  99%|█████████▊| 137/139 [00:20<00:00,  6.63it/s]
Validation DataLoader 0:  99%|█████████▉| 138/139 [00:20<00:00,  6.63it/s]
Epoch 0: 100%|██████████| 417/417 [03:28<00:00,  2.00it/s, v_num=0, acc=0.900, val_loss=0.246, val_acc=0.899]
Epoch 1: 100%|██████████| 417/417 [03:06<00:00,  2.23it/s, v_num=0, acc=0.917, val_loss=0.246, val_acc=0.899]
Validation: 0it [00:00, ?it/s]
Validation:   0%|          | 0/139 [00:00<?, ?it/s]
Validation DataLoader 0:   0%|          | 0/139 [00:00<?, ?it/s]
Validation DataLoader 0:   1%|          | 1/139 [00:00<00:03, 42.70it/s]
Validation DataLoader 0:   1%|▏         | 2/139 [00:00<00:11, 12.30it/s]
Validation DataLoader 0:   2%|▏         | 3/139 [00:00<00:14,  9.58it/s]
Validation DataLoader 0:   3%|▎         | 4/139 [00:00<00:15,  8.62it/s]
Validation DataLoader 0:   4%|▎         | 5/139 [00:00<00:16,  8.12it/s]
Validation DataLoader 0:   4%|▍         | 6/139 [00:00<00:17,  7.82it/s]
Validation DataLoader 0:   5%|▌         | 7/139 [00:00<00:17,  7.61it/s]
Validation DataLoader 0:   6%|▌         | 8/139 [00:01<00:17,  7.44it/s]
Validation DataLoader 0:   6%|▋         | 9/139 [00:01<00:17,  7.34it/s]
Validation DataLoader 0:   7%|▋         | 10/139 [00:01<00:17,  7.26it/s]
Validation DataLoader 0:   8%|▊         | 11/139 [00:01<00:17,  7.20it/s]
Validation DataLoader 0:   9%|▊         | 12/139 [00:01<00:17,  7.14it/s]
Validation DataLoader 0:   9%|▉         | 13/139 [00:01<00:17,  7.10it/s]
Validation DataLoader 0:  10%|█         | 14/139 [00:01<00:17,  7.06it/s]
Validation DataLoader 0:  11%|█         | 15/139 [00:02<00:17,  7.02it/s]
Validation DataLoader 0:  12%|█▏        | 16/139 [00:02<00:17,  6.99it/s]
Validation DataLoader 0:  12%|█▏        | 17/139 [00:02<00:17,  6.97it/s]
Validation DataLoader 0:  13%|█▎        | 18/139 [00:02<00:17,  6.95it/s]
Validation DataLoader 0:  14%|█▎        | 19/139 [00:02<00:17,  6.92it/s]
Validation DataLoader 0:  14%|█▍        | 20/139 [00:02<00:17,  6.91it/s]
Validation DataLoader 0:  15%|█▌        | 21/139 [00:03<00:17,  6.89it/s]
Validation DataLoader 0:  16%|█▌        | 22/139 [00:03<00:17,  6.88it/s]
Validation DataLoader 0:  17%|█▋        | 23/139 [00:03<00:16,  6.86it/s]
Validation DataLoader 0:  17%|█▋        | 24/139 [00:03<00:16,  6.85it/s]
Validation DataLoader 0:  18%|█▊        | 25/139 [00:03<00:16,  6.84it/s]
Validation DataLoader 0:  19%|█▊        | 26/139 [00:03<00:16,  6.83it/s]
Validation DataLoader 0:  19%|█▉        | 27/139 [00:03<00:16,  6.82it/s]
Validation DataLoader 0:  20%|██        | 28/139 [00:04<00:16,  6.81it/s]
Validation DataLoader 0:  21%|██        | 29/139 [00:04<00:16,  6.80it/s]
Validation DataLoader 0:  22%|██▏       | 30/139 [00:04<00:16,  6.80it/s]
Validation DataLoader 0:  22%|██▏       | 31/139 [00:04<00:15,  6.79it/s]
Validation DataLoader 0:  23%|██▎       | 32/139 [00:04<00:15,  6.78it/s]
Validation DataLoader 0:  24%|██▎       | 33/139 [00:04<00:15,  6.78it/s]
Validation DataLoader 0:  24%|██▍       | 34/139 [00:05<00:15,  6.77it/s]
Validation DataLoader 0:  25%|██▌       | 35/139 [00:05<00:15,  6.76it/s]
Validation DataLoader 0:  26%|██▌       | 36/139 [00:05<00:15,  6.76it/s]
Validation DataLoader 0:  27%|██▋       | 37/139 [00:05<00:15,  6.75it/s]
Validation DataLoader 0:  27%|██▋       | 38/139 [00:05<00:14,  6.75it/s]
Validation DataLoader 0:  28%|██▊       | 39/139 [00:05<00:14,  6.75it/s]
Validation DataLoader 0:  29%|██▉       | 40/139 [00:05<00:14,  6.74it/s]
Validation DataLoader 0:  29%|██▉       | 41/139 [00:06<00:14,  6.73it/s]
Validation DataLoader 0:  30%|███       | 42/139 [00:06<00:14,  6.73it/s]
Validation DataLoader 0:  31%|███       | 43/139 [00:06<00:14,  6.73it/s]
Validation DataLoader 0:  32%|███▏      | 44/139 [00:06<00:14,  6.73it/s]
Validation DataLoader 0:  32%|███▏      | 45/139 [00:06<00:13,  6.72it/s]
Validation DataLoader 0:  33%|███▎      | 46/139 [00:06<00:13,  6.72it/s]
Validation DataLoader 0:  34%|███▍      | 47/139 [00:06<00:13,  6.72it/s]
Validation DataLoader 0:  35%|███▍      | 48/139 [00:07<00:13,  6.72it/s]
Validation DataLoader 0:  35%|███▌      | 49/139 [00:07<00:13,  6.71it/s]
Validation DataLoader 0:  36%|███▌      | 50/139 [00:07<00:13,  6.71it/s]
Validation DataLoader 0:  37%|███▋      | 51/139 [00:07<00:13,  6.71it/s]
Validation DataLoader 0:  37%|███▋      | 52/139 [00:07<00:12,  6.70it/s]
Validation DataLoader 0:  38%|███▊      | 53/139 [00:07<00:12,  6.70it/s]
Validation DataLoader 0:  39%|███▉      | 54/139 [00:08<00:12,  6.70it/s]
Validation DataLoader 0:  40%|███▉      | 55/139 [00:08<00:12,  6.70it/s]
Validation DataLoader 0:  40%|████      | 56/139 [00:08<00:12,  6.70it/s]
Validation DataLoader 0:  41%|████      | 57/139 [00:08<00:12,  6.69it/s]
Validation DataLoader 0:  42%|████▏     | 58/139 [00:08<00:12,  6.69it/s]
Validation DataLoader 0:  42%|████▏     | 59/139 [00:08<00:11,  6.69it/s]
Validation DataLoader 0:  43%|████▎     | 60/139 [00:08<00:11,  6.69it/s]
Validation DataLoader 0:  44%|████▍     | 61/139 [00:09<00:11,  6.69it/s]
Validation DataLoader 0:  45%|████▍     | 62/139 [00:09<00:11,  6.68it/s]
Validation DataLoader 0:  45%|████▌     | 63/139 [00:09<00:11,  6.68it/s]
Validation DataLoader 0:  46%|████▌     | 64/139 [00:09<00:11,  6.68it/s]
Validation DataLoader 0:  47%|████▋     | 65/139 [00:09<00:11,  6.68it/s]
Validation DataLoader 0:  47%|████▋     | 66/139 [00:09<00:10,  6.68it/s]
Validation DataLoader 0:  48%|████▊     | 67/139 [00:10<00:10,  6.68it/s]
Validation DataLoader 0:  49%|████▉     | 68/139 [00:10<00:10,  6.68it/s]
Validation DataLoader 0:  50%|████▉     | 69/139 [00:10<00:10,  6.67it/s]
Validation DataLoader 0:  50%|█████     | 70/139 [00:10<00:10,  6.67it/s]
Validation DataLoader 0:  51%|█████     | 71/139 [00:10<00:10,  6.67it/s]
Validation DataLoader 0:  52%|█████▏    | 72/139 [00:10<00:10,  6.67it/s]
Validation DataLoader 0:  53%|█████▎    | 73/139 [00:10<00:09,  6.67it/s]
Validation DataLoader 0:  53%|█████▎    | 74/139 [00:11<00:09,  6.67it/s]
Validation DataLoader 0:  54%|█████▍    | 75/139 [00:11<00:09,  6.67it/s]
Validation DataLoader 0:  55%|█████▍    | 76/139 [00:11<00:09,  6.67it/s]
Validation DataLoader 0:  55%|█████▌    | 77/139 [00:11<00:09,  6.66it/s]
Validation DataLoader 0:  56%|█████▌    | 78/139 [00:11<00:09,  6.66it/s]
Validation DataLoader 0:  57%|█████▋    | 79/139 [00:11<00:09,  6.66it/s]
Validation DataLoader 0:  58%|█████▊    | 80/139 [00:12<00:08,  6.66it/s]
Validation DataLoader 0:  58%|█████▊    | 81/139 [00:12<00:08,  6.66it/s]
Validation DataLoader 0:  59%|█████▉    | 82/139 [00:12<00:08,  6.66it/s]
Validation DataLoader 0:  60%|█████▉    | 83/139 [00:12<00:08,  6.66it/s]
Validation DataLoader 0:  60%|██████    | 84/139 [00:12<00:08,  6.66it/s]
Validation DataLoader 0:  61%|██████    | 85/139 [00:12<00:08,  6.66it/s]
Validation DataLoader 0:  62%|██████▏   | 86/139 [00:12<00:07,  6.65it/s]
Validation DataLoader 0:  63%|██████▎   | 87/139 [00:13<00:07,  6.65it/s]
Validation DataLoader 0:  63%|██████▎   | 88/139 [00:13<00:07,  6.65it/s]
Validation DataLoader 0:  64%|██████▍   | 89/139 [00:13<00:07,  6.65it/s]
Validation DataLoader 0:  65%|██████▍   | 90/139 [00:13<00:07,  6.65it/s]
Validation DataLoader 0:  65%|██████▌   | 91/139 [00:13<00:07,  6.65it/s]
Validation DataLoader 0:  66%|██████▌   | 92/139 [00:13<00:07,  6.65it/s]
Validation DataLoader 0:  67%|██████▋   | 93/139 [00:13<00:06,  6.65it/s]
Validation DataLoader 0:  68%|██████▊   | 94/139 [00:14<00:06,  6.65it/s]
Validation DataLoader 0:  68%|██████▊   | 95/139 [00:14<00:06,  6.65it/s]
Validation DataLoader 0:  69%|██████▉   | 96/139 [00:14<00:06,  6.65it/s]
Validation DataLoader 0:  70%|██████▉   | 97/139 [00:14<00:06,  6.65it/s]
Validation DataLoader 0:  71%|███████   | 98/139 [00:14<00:06,  6.65it/s]
Validation DataLoader 0:  71%|███████   | 99/139 [00:14<00:06,  6.64it/s]
Validation DataLoader 0:  72%|███████▏  | 100/139 [00:15<00:05,  6.64it/s]
Validation DataLoader 0:  73%|███████▎  | 101/139 [00:15<00:05,  6.64it/s]
Validation DataLoader 0:  73%|███████▎  | 102/139 [00:15<00:05,  6.64it/s]
Validation DataLoader 0:  74%|███████▍  | 103/139 [00:15<00:05,  6.64it/s]
Validation DataLoader 0:  75%|███████▍  | 104/139 [00:15<00:05,  6.64it/s]
Validation DataLoader 0:  76%|███████▌  | 105/139 [00:15<00:05,  6.64it/s]
Validation DataLoader 0:  76%|███████▋  | 106/139 [00:15<00:04,  6.64it/s]
Validation DataLoader 0:  77%|███████▋  | 107/139 [00:16<00:04,  6.64it/s]
Validation DataLoader 0:  78%|███████▊  | 108/139 [00:16<00:04,  6.64it/s]
Validation DataLoader 0:  78%|███████▊  | 109/139 [00:16<00:04,  6.64it/s]
Validation DataLoader 0:  79%|███████▉  | 110/139 [00:16<00:04,  6.64it/s]
Validation DataLoader 0:  80%|███████▉  | 111/139 [00:16<00:04,  6.64it/s]
Validation DataLoader 0:  81%|████████  | 112/139 [00:16<00:04,  6.64it/s]
Validation DataLoader 0:  81%|████████▏ | 113/139 [00:17<00:03,  6.64it/s]
Validation DataLoader 0:  82%|████████▏ | 114/139 [00:17<00:03,  6.64it/s]
Validation DataLoader 0:  83%|████████▎ | 115/139 [00:17<00:03,  6.64it/s]
Validation DataLoader 0:  83%|████████▎ | 116/139 [00:17<00:03,  6.63it/s]
Validation DataLoader 0:  84%|████████▍ | 117/139 [00:17<00:03,  6.63it/s]
Validation DataLoader 0:  85%|████████▍ | 118/139 [00:17<00:03,  6.63it/s]
Validation DataLoader 0:  86%|████████▌ | 119/139 [00:17<00:03,  6.63it/s]
Validation DataLoader 0:  86%|████████▋ | 120/139 [00:18<00:02,  6.63it/s]
Validation DataLoader 0:  87%|████████▋ | 121/139 [00:18<00:02,  6.63it/s]
Validation DataLoader 0:  88%|████████▊ | 122/139 [00:18<00:02,  6.63it/s]
Validation DataLoader 0:  88%|████████▊ | 123/139 [00:18<00:02,  6.63it/s]
Validation DataLoader 0:  89%|████████▉ | 124/139 [00:18<00:02,  6.63it/s]
Validation DataLoader 0:  90%|████████▉ | 125/139 [00:18<00:02,  6.63it/s]
Validation DataLoader 0:  91%|█████████ | 126/139 [00:19<00:01,  6.63it/s]
Validation DataLoader 0:  91%|█████████▏| 127/139 [00:19<00:01,  6.63it/s]
Validation DataLoader 0:  92%|█████████▏| 128/139 [00:19<00:01,  6.63it/s]
Validation DataLoader 0:  93%|█████████▎| 129/139 [00:19<00:01,  6.63it/s]
Validation DataLoader 0:  94%|█████████▎| 130/139 [00:19<00:01,  6.63it/s]
Validation DataLoader 0:  94%|█████████▍| 131/139 [00:19<00:01,  6.63it/s]
Validation DataLoader 0:  95%|█████████▍| 132/139 [00:19<00:01,  6.63it/s]
Validation DataLoader 0:  96%|█████████▌| 133/139 [00:20<00:00,  6.63it/s]
Validation DataLoader 0:  96%|█████████▋| 134/139 [00:20<00:00,  6.63it/s]
Validation DataLoader 0:  97%|█████████▋| 135/139 [00:20<00:00,  6.63it/s]
Validation DataLoader 0:  98%|█████████▊| 136/139 [00:20<00:00,  6.63it/s]
Validation DataLoader 0:  99%|█████████▊| 137/139 [00:20<00:00,  6.63it/s]
Validation DataLoader 0:  99%|█████████▉| 138/139 [00:20<00:00,  6.63it/s]
Epoch 1: 100%|██████████| 417/417 [03:29<00:00,  1.99it/s, v_num=0, acc=0.917, val_loss=0.254, val_acc=0.901]
Epoch 2: 100%|██████████| 417/417 [03:06<00:00,  2.23it/s, v_num=0, acc=0.954, val_loss=0.254, val_acc=0.901]
Validation: 0it [00:00, ?it/s]
Validation:   0%|          | 0/139 [00:00<?, ?it/s]
Validation DataLoader 0:   0%|          | 0/139 [00:00<?, ?it/s]
Validation DataLoader 0:   1%|          | 1/139 [00:00<00:02, 50.42it/s]
Validation DataLoader 0:   1%|▏         | 2/139 [00:00<00:11, 12.45it/s]
Validation DataLoader 0:   2%|▏         | 3/139 [00:00<00:14,  9.63it/s]
Validation DataLoader 0:   3%|▎         | 4/139 [00:00<00:15,  8.64it/s]
Validation DataLoader 0:   4%|▎         | 5/139 [00:00<00:16,  8.15it/s]
Validation DataLoader 0:   4%|▍         | 6/139 [00:00<00:16,  7.84it/s]
Validation DataLoader 0:   5%|▌         | 7/139 [00:00<00:17,  7.63it/s]
Validation DataLoader 0:   6%|▌         | 8/139 [00:01<00:17,  7.47it/s]
Validation DataLoader 0:   6%|▋         | 9/139 [00:01<00:17,  7.36it/s]
Validation DataLoader 0:   7%|▋         | 10/139 [00:01<00:17,  7.28it/s]
Validation DataLoader 0:   8%|▊         | 11/139 [00:01<00:17,  7.22it/s]
Validation DataLoader 0:   9%|▊         | 12/139 [00:01<00:17,  7.16it/s]
Validation DataLoader 0:   9%|▉         | 13/139 [00:01<00:17,  7.12it/s]
Validation DataLoader 0:  10%|█         | 14/139 [00:01<00:17,  7.07it/s]
Validation DataLoader 0:  11%|█         | 15/139 [00:02<00:17,  7.04it/s]
Validation DataLoader 0:  12%|█▏        | 16/139 [00:02<00:17,  7.01it/s]
Validation DataLoader 0:  12%|█▏        | 17/139 [00:02<00:17,  6.99it/s]
Validation DataLoader 0:  13%|█▎        | 18/139 [00:02<00:17,  6.96it/s]
Validation DataLoader 0:  14%|█▎        | 19/139 [00:02<00:17,  6.94it/s]
Validation DataLoader 0:  14%|█▍        | 20/139 [00:02<00:17,  6.92it/s]
Validation DataLoader 0:  15%|█▌        | 21/139 [00:03<00:17,  6.90it/s]
Validation DataLoader 0:  16%|█▌        | 22/139 [00:03<00:16,  6.89it/s]
Validation DataLoader 0:  17%|█▋        | 23/139 [00:03<00:16,  6.88it/s]
Validation DataLoader 0:  17%|█▋        | 24/139 [00:03<00:16,  6.86it/s]
Validation DataLoader 0:  18%|█▊        | 25/139 [00:03<00:16,  6.85it/s]
Validation DataLoader 0:  19%|█▊        | 26/139 [00:03<00:16,  6.84it/s]
Validation DataLoader 0:  19%|█▉        | 27/139 [00:03<00:16,  6.83it/s]
Validation DataLoader 0:  20%|██        | 28/139 [00:04<00:16,  6.82it/s]
Validation DataLoader 0:  21%|██        | 29/139 [00:04<00:16,  6.81it/s]
Validation DataLoader 0:  22%|██▏       | 30/139 [00:04<00:16,  6.81it/s]
Validation DataLoader 0:  22%|██▏       | 31/139 [00:04<00:15,  6.80it/s]
Validation DataLoader 0:  23%|██▎       | 32/139 [00:04<00:15,  6.79it/s]
Validation DataLoader 0:  24%|██▎       | 33/139 [00:04<00:15,  6.79it/s]
Validation DataLoader 0:  24%|██▍       | 34/139 [00:05<00:15,  6.78it/s]
Validation DataLoader 0:  25%|██▌       | 35/139 [00:05<00:15,  6.77it/s]
Validation DataLoader 0:  26%|██▌       | 36/139 [00:05<00:15,  6.77it/s]
Validation DataLoader 0:  27%|██▋       | 37/139 [00:05<00:15,  6.76it/s]
Validation DataLoader 0:  27%|██▋       | 38/139 [00:05<00:14,  6.76it/s]
Validation DataLoader 0:  28%|██▊       | 39/139 [00:05<00:14,  6.75it/s]
Validation DataLoader 0:  29%|██▉       | 40/139 [00:05<00:14,  6.75it/s]
Validation DataLoader 0:  29%|██▉       | 41/139 [00:06<00:14,  6.75it/s]
Validation DataLoader 0:  30%|███       | 42/139 [00:06<00:14,  6.74it/s]
Validation DataLoader 0:  31%|███       | 43/139 [00:06<00:14,  6.74it/s]
Validation DataLoader 0:  32%|███▏      | 44/139 [00:06<00:14,  6.73it/s]
Validation DataLoader 0:  32%|███▏      | 45/139 [00:06<00:13,  6.73it/s]
Validation DataLoader 0:  33%|███▎      | 46/139 [00:06<00:13,  6.73it/s]
Validation DataLoader 0:  34%|███▍      | 47/139 [00:06<00:13,  6.72it/s]
Validation DataLoader 0:  35%|███▍      | 48/139 [00:07<00:13,  6.72it/s]
Validation DataLoader 0:  35%|███▌      | 49/139 [00:07<00:13,  6.72it/s]
Validation DataLoader 0:  36%|███▌      | 50/139 [00:07<00:13,  6.72it/s]
Validation DataLoader 0:  37%|███▋      | 51/139 [00:07<00:13,  6.71it/s]
Validation DataLoader 0:  37%|███▋      | 52/139 [00:07<00:12,  6.71it/s]
Validation DataLoader 0:  38%|███▊      | 53/139 [00:07<00:12,  6.71it/s]
Validation DataLoader 0:  39%|███▉      | 54/139 [00:08<00:12,  6.71it/s]
Validation DataLoader 0:  40%|███▉      | 55/139 [00:08<00:12,  6.70it/s]
Validation DataLoader 0:  40%|████      | 56/139 [00:08<00:12,  6.70it/s]
Validation DataLoader 0:  41%|████      | 57/139 [00:08<00:12,  6.70it/s]
Validation DataLoader 0:  42%|████▏     | 58/139 [00:08<00:12,  6.70it/s]
Validation DataLoader 0:  42%|████▏     | 59/139 [00:08<00:11,  6.70it/s]
Validation DataLoader 0:  43%|████▎     | 60/139 [00:08<00:11,  6.69it/s]
Validation DataLoader 0:  44%|████▍     | 61/139 [00:09<00:11,  6.69it/s]
Validation DataLoader 0:  45%|████▍     | 62/139 [00:09<00:11,  6.69it/s]
Validation DataLoader 0:  45%|████▌     | 63/139 [00:09<00:11,  6.69it/s]
Validation DataLoader 0:  46%|████▌     | 64/139 [00:09<00:11,  6.69it/s]
Validation DataLoader 0:  47%|████▋     | 65/139 [00:09<00:11,  6.69it/s]
Validation DataLoader 0:  47%|████▋     | 66/139 [00:09<00:10,  6.68it/s]
Validation DataLoader 0:  48%|████▊     | 67/139 [00:10<00:10,  6.68it/s]
Validation DataLoader 0:  49%|████▉     | 68/139 [00:10<00:10,  6.68it/s]
Validation DataLoader 0:  50%|████▉     | 69/139 [00:10<00:10,  6.68it/s]
Validation DataLoader 0:  50%|█████     | 70/139 [00:10<00:10,  6.68it/s]
Validation DataLoader 0:  51%|█████     | 71/139 [00:10<00:10,  6.68it/s]
Validation DataLoader 0:  52%|█████▏    | 72/139 [00:10<00:10,  6.68it/s]
Validation DataLoader 0:  53%|█████▎    | 73/139 [00:10<00:09,  6.68it/s]
Validation DataLoader 0:  53%|█████▎    | 74/139 [00:11<00:09,  6.67it/s]
Validation DataLoader 0:  54%|█████▍    | 75/139 [00:11<00:09,  6.67it/s]
Validation DataLoader 0:  55%|█████▍    | 76/139 [00:11<00:09,  6.67it/s]
Validation DataLoader 0:  55%|█████▌    | 77/139 [00:11<00:09,  6.67it/s]
Validation DataLoader 0:  56%|█████▌    | 78/139 [00:11<00:09,  6.67it/s]
Validation DataLoader 0:  57%|█████▋    | 79/139 [00:11<00:08,  6.67it/s]
Validation DataLoader 0:  58%|█████▊    | 80/139 [00:11<00:08,  6.67it/s]
Validation DataLoader 0:  58%|█████▊    | 81/139 [00:12<00:08,  6.67it/s]
Validation DataLoader 0:  59%|█████▉    | 82/139 [00:12<00:08,  6.67it/s]
Validation DataLoader 0:  60%|█████▉    | 83/139 [00:12<00:08,  6.66it/s]
Validation DataLoader 0:  60%|██████    | 84/139 [00:12<00:08,  6.66it/s]
Validation DataLoader 0:  61%|██████    | 85/139 [00:12<00:08,  6.66it/s]
Validation DataLoader 0:  62%|██████▏   | 86/139 [00:12<00:07,  6.66it/s]
Validation DataLoader 0:  63%|██████▎   | 87/139 [00:13<00:07,  6.66it/s]
Validation DataLoader 0:  63%|██████▎   | 88/139 [00:13<00:07,  6.66it/s]
Validation DataLoader 0:  64%|██████▍   | 89/139 [00:13<00:07,  6.66it/s]
Validation DataLoader 0:  65%|██████▍   | 90/139 [00:13<00:07,  6.66it/s]
Validation DataLoader 0:  65%|██████▌   | 91/139 [00:13<00:07,  6.66it/s]
Validation DataLoader 0:  66%|██████▌   | 92/139 [00:13<00:07,  6.66it/s]
Validation DataLoader 0:  67%|██████▋   | 93/139 [00:13<00:06,  6.66it/s]
Validation DataLoader 0:  68%|██████▊   | 94/139 [00:14<00:06,  6.65it/s]
Validation DataLoader 0:  68%|██████▊   | 95/139 [00:14<00:06,  6.65it/s]
Validation DataLoader 0:  69%|██████▉   | 96/139 [00:14<00:06,  6.65it/s]
Validation DataLoader 0:  70%|██████▉   | 97/139 [00:14<00:06,  6.65it/s]
Validation DataLoader 0:  71%|███████   | 98/139 [00:14<00:06,  6.65it/s]
Validation DataLoader 0:  71%|███████   | 99/139 [00:14<00:06,  6.65it/s]
Validation DataLoader 0:  72%|███████▏  | 100/139 [00:15<00:05,  6.65it/s]
Validation DataLoader 0:  73%|███████▎  | 101/139 [00:15<00:05,  6.65it/s]
Validation DataLoader 0:  73%|███████▎  | 102/139 [00:15<00:05,  6.65it/s]
Validation DataLoader 0:  74%|███████▍  | 103/139 [00:15<00:05,  6.65it/s]
Validation DataLoader 0:  75%|███████▍  | 104/139 [00:15<00:05,  6.65it/s]
Validation DataLoader 0:  76%|███████▌  | 105/139 [00:15<00:05,  6.65it/s]
Validation DataLoader 0:  76%|███████▋  | 106/139 [00:15<00:04,  6.65it/s]
Validation DataLoader 0:  77%|███████▋  | 107/139 [00:16<00:04,  6.65it/s]
Validation DataLoader 0:  78%|███████▊  | 108/139 [00:16<00:04,  6.64it/s]
Validation DataLoader 0:  78%|███████▊  | 109/139 [00:16<00:04,  6.64it/s]
Validation DataLoader 0:  79%|███████▉  | 110/139 [00:16<00:04,  6.64it/s]
Validation DataLoader 0:  80%|███████▉  | 111/139 [00:16<00:04,  6.64it/s]
Validation DataLoader 0:  81%|████████  | 112/139 [00:16<00:04,  6.64it/s]
Validation DataLoader 0:  81%|████████▏ | 113/139 [00:17<00:03,  6.64it/s]
Validation DataLoader 0:  82%|████████▏ | 114/139 [00:17<00:03,  6.64it/s]
Validation DataLoader 0:  83%|████████▎ | 115/139 [00:17<00:03,  6.64it/s]
Validation DataLoader 0:  83%|████████▎ | 116/139 [00:17<00:03,  6.64it/s]
Validation DataLoader 0:  84%|████████▍ | 117/139 [00:17<00:03,  6.64it/s]
Validation DataLoader 0:  85%|████████▍ | 118/139 [00:17<00:03,  6.64it/s]
Validation DataLoader 0:  86%|████████▌ | 119/139 [00:17<00:03,  6.64it/s]
Validation DataLoader 0:  86%|████████▋ | 120/139 [00:18<00:02,  6.64it/s]
Validation DataLoader 0:  87%|████████▋ | 121/139 [00:18<00:02,  6.64it/s]
Validation DataLoader 0:  88%|████████▊ | 122/139 [00:18<00:02,  6.64it/s]
Validation DataLoader 0:  88%|████████▊ | 123/139 [00:18<00:02,  6.64it/s]
Validation DataLoader 0:  89%|████████▉ | 124/139 [00:18<00:02,  6.64it/s]
Validation DataLoader 0:  90%|████████▉ | 125/139 [00:18<00:02,  6.64it/s]
Validation DataLoader 0:  91%|█████████ | 126/139 [00:18<00:01,  6.64it/s]
Validation DataLoader 0:  91%|█████████▏| 127/139 [00:19<00:01,  6.64it/s]
Validation DataLoader 0:  92%|█████████▏| 128/139 [00:19<00:01,  6.63it/s]
Validation DataLoader 0:  93%|█████████▎| 129/139 [00:19<00:01,  6.63it/s]
Validation DataLoader 0:  94%|█████████▎| 130/139 [00:19<00:01,  6.63it/s]
Validation DataLoader 0:  94%|█████████▍| 131/139 [00:19<00:01,  6.63it/s]
Validation DataLoader 0:  95%|█████████▍| 132/139 [00:19<00:01,  6.63it/s]
Validation DataLoader 0:  96%|█████████▌| 133/139 [00:20<00:00,  6.63it/s]
Validation DataLoader 0:  96%|█████████▋| 134/139 [00:20<00:00,  6.63it/s]
Validation DataLoader 0:  97%|█████████▋| 135/139 [00:20<00:00,  6.63it/s]
Validation DataLoader 0:  98%|█████████▊| 136/139 [00:20<00:00,  6.63it/s]
Validation DataLoader 0:  99%|█████████▊| 137/139 [00:20<00:00,  6.63it/s]
Validation DataLoader 0:  99%|█████████▉| 138/139 [00:20<00:00,  6.63it/s]
Epoch 2: 100%|██████████| 417/417 [03:29<00:00,  1.99it/s, v_num=0, acc=0.954, val_loss=0.318, val_acc=0.899]
Epoch 2: 100%|██████████| 417/417 [03:30<00:00,  1.98it/s, v_num=0, acc=0.954, val_loss=0.318, val_acc=0.899]
`Trainer.fit` stopped: `max_epochs=3` reached.
=========================================================================================================================================
[03.21 12:54:32] [EXIT] chrialab.ratsnlp train(config=model/finetuned/nsmc/1-doc_cls-train.json, prefix=, postfix=) ($=00:11:07.777)
=========================================================================================================================================


Process finished with exit code 0
