/data/dlt/mambaforge/envs/DeepKorean-23.03/bin/python /data/dlt/proj/DeepKorean-23.03/tests/1-doc_cls-train.py
|   # | GpuProjectEnv   | value                                                 |
|----:|:----------------|:------------------------------------------------------|
|   1 | hostname        | dl012                                                 |
|   2 | hostaddr        | 129.254.182.78                                        |
|   3 | python_path     | /data/dlt/mambaforge/envs/DeepKorean-23.03/bin/python |
|   4 | project_name    | DeepKorean                                            |
|   5 | project_path    | /data/dlt/proj/DeepKorean-23.03                       |
|   6 | working_path    | /data/dlt/proj/DeepKorean-23.03                       |
|   7 | running_file    | tests/1-doc_cls-train.py                              |
|   8 | working_gpus    | 0,1                                                   |
|   9 | number_of_gpus  | 2                                                     |
|  10 | config_file     | tests/1-doc_cls-train.json                            |
|  11 | postfix         |                                                       |
-----------------------------------------------------------------------------------------------------------------------------------------
|   # | ClassificationTrainArguments   | value                                |
|----:|:-------------------------------|:-------------------------------------|
|   1 | pretrained_model_path          | model/pretrained/KcBERT-Base         |
|   2 | downstream_model_path          | model/finetuned/nsmc                 |
|   3 | downstream_model_file          | {epoch}-{val_loss:.3f}-{val_acc:.3f} |
|   4 | downstream_data_home           | data                                 |
|   5 | downstream_data_name           | nsmc                                 |
|   6 | downstream_task_name           | document-classification              |
|   7 | max_seq_length                 | 128                                  |
|   8 | save_top_k                     | 3                                    |
|   9 | monitor                        | max val_acc                          |
|  10 | seed                           | 7                                    |
|  11 | overwrite_cache                | False                                |
|  12 | force_download                 | False                                |
|  13 | test_mode                      | False                                |
|  14 | learning_rate                  | 5e-05                                |
|  15 | epochs                         | 3                                    |
|  16 | batch_size                     | 360                                  |
|  17 | cpu_workers                    | 24                                   |
|  18 | fp16                           | False                                |
-----------------------------------------------------------------------------------------------------------------------------------------

=========================================================================================================================================
[03.20 20:37:19] [INIT] chrialab.ratsnlp train(config=tests/1-doc_cls-train.json, prefix=, postfix=)
=========================================================================================================================================
set seed: 7
-----------------------------------------------------------------------------------------------------------------------------------------
[Korpora] Corpus `nsmc` is already installed at /data/dlt/proj/DeepKorean-23.03/data/nsmc/ratings_train.txt
[Korpora] Corpus `nsmc` is already installed at /data/dlt/proj/DeepKorean-23.03/data/nsmc/ratings_test.txt
-----------------------------------------------------------------------------------------------------------------------------------------
tokenizer=BertTokenizer(name_or_path='model/pretrained/KcBERT-Base', vocab_size=30000, model_max_length=300, is_fast=False, padding_side='right', truncation_side='right', special_tokens={'unk_token': '[UNK]', 'sep_token': '[SEP]', 'pad_token': '[PAD]', 'cls_token': '[CLS]', 'mask_token': '[MASK]'})
tokenized=['안녕', '##하세요', '.', '반', '##갑', '##습니다', '.']
-----------------------------------------------------------------------------------------------------------------------------------------
INFO:ratsnlp:Loading features from cached file data/nsmc/cached_train_BertTokenizer_128_nsmc_document-classification [took 21.095 s]
-----------------------------------------------------------------------------------------------------------------------------------------
INFO:ratsnlp:Loading features from cached file data/nsmc/cached_test_BertTokenizer_128_nsmc_document-classification [took 7.148 s]
-----------------------------------------------------------------------------------------------------------------------------------------
Some weights of the model checkpoint at model/pretrained/KcBERT-Base were not used when initializing BertForSequenceClassification: ['cls.predictions.transform.LayerNorm.bias', 'cls.seq_relationship.weight', 'cls.seq_relationship.bias', 'cls.predictions.bias', 'cls.predictions.transform.LayerNorm.weight', 'cls.predictions.decoder.bias', 'cls.predictions.decoder.weight', 'cls.predictions.transform.dense.weight', 'cls.predictions.transform.dense.bias']
- This IS expected if you are initializing BertForSequenceClassification from the checkpoint of a model trained on another task or with another architecture (e.g. initializing a BertForSequenceClassification model from a BertForPreTraining model).
- This IS NOT expected if you are initializing BertForSequenceClassification from the checkpoint of a model that you expect to be exactly identical (initializing a BertForSequenceClassification model from a BertForSequenceClassification model).
Some weights of BertForSequenceClassification were not initialized from the model checkpoint at model/pretrained/KcBERT-Base and are newly initialized: ['classifier.weight', 'classifier.bias']
You should probably TRAIN this model on a down-stream task to be able to use it for predictions and inference.
-----------------------------------------------------------------------------------------------------------------------------------------
GPU available: True (cuda), used: True
TPU available: False, using: 0 TPU cores
IPU available: False, using: 0 IPUs
HPU available: False, using: 0 HPUs
Initializing distributed: GLOBAL_RANK: 0, MEMBER: 1/2
|   # | GpuProjectEnv   | value                                                 |
|----:|:----------------|:------------------------------------------------------|
|   1 | hostname        | dl012                                                 |
|   2 | hostaddr        | 129.254.182.78                                        |
|   3 | python_path     | /data/dlt/mambaforge/envs/DeepKorean-23.03/bin/python |
|   4 | project_name    | DeepKorean                                            |
|   5 | project_path    | /data/dlt/proj/DeepKorean-23.03                       |
|   6 | working_path    | /data/dlt/proj/DeepKorean-23.03                       |
|   7 | running_file    | tests/1-doc_cls-train.py                              |
|   8 | working_gpus    | 0,1                                                   |
|   9 | number_of_gpus  | 2                                                     |
|  10 | config_file     | tests/1-doc_cls-train.json                            |
|  11 | postfix         |                                                       |
-----------------------------------------------------------------------------------------------------------------------------------------
|   # | ClassificationTrainArguments   | value                                |
|----:|:-------------------------------|:-------------------------------------|
|   1 | pretrained_model_path          | model/pretrained/KcBERT-Base         |
|   2 | downstream_model_path          | model/finetuned/nsmc                 |
|   3 | downstream_model_file          | {epoch}-{val_loss:.3f}-{val_acc:.3f} |
|   4 | downstream_data_home           | data                                 |
|   5 | downstream_data_name           | nsmc                                 |
|   6 | downstream_task_name           | document-classification              |
|   7 | max_seq_length                 | 128                                  |
|   8 | save_top_k                     | 3                                    |
|   9 | monitor                        | max val_acc                          |
|  10 | seed                           | 7                                    |
|  11 | overwrite_cache                | False                                |
|  12 | force_download                 | False                                |
|  13 | test_mode                      | False                                |
|  14 | learning_rate                  | 5e-05                                |
|  15 | epochs                         | 3                                    |
|  16 | batch_size                     | 360                                  |
|  17 | cpu_workers                    | 24                                   |
|  18 | fp16                           | False                                |
-----------------------------------------------------------------------------------------------------------------------------------------

=========================================================================================================================================
[03.20 20:37:53] [INIT] chrialab.ratsnlp train(config=tests/1-doc_cls-train.json, prefix=, postfix=)
=========================================================================================================================================
set seed: 7
-----------------------------------------------------------------------------------------------------------------------------------------
[Korpora] Corpus `nsmc` is already installed at /data/dlt/proj/DeepKorean-23.03/data/nsmc/ratings_train.txt
[Korpora] Corpus `nsmc` is already installed at /data/dlt/proj/DeepKorean-23.03/data/nsmc/ratings_test.txt
-----------------------------------------------------------------------------------------------------------------------------------------
tokenizer=BertTokenizer(name_or_path='model/pretrained/KcBERT-Base', vocab_size=30000, model_max_length=300, is_fast=False, padding_side='right', truncation_side='right', special_tokens={'unk_token': '[UNK]', 'sep_token': '[SEP]', 'pad_token': '[PAD]', 'cls_token': '[CLS]', 'mask_token': '[MASK]'})
tokenized=['안녕', '##하세요', '.', '반', '##갑', '##습니다', '.']
-----------------------------------------------------------------------------------------------------------------------------------------
INFO:ratsnlp:Loading features from cached file data/nsmc/cached_train_BertTokenizer_128_nsmc_document-classification [took 21.053 s]
-----------------------------------------------------------------------------------------------------------------------------------------
INFO:ratsnlp:Loading features from cached file data/nsmc/cached_test_BertTokenizer_128_nsmc_document-classification [took 7.837 s]
-----------------------------------------------------------------------------------------------------------------------------------------
Some weights of the model checkpoint at model/pretrained/KcBERT-Base were not used when initializing BertForSequenceClassification: ['cls.seq_relationship.weight', 'cls.predictions.transform.LayerNorm.weight', 'cls.predictions.transform.LayerNorm.bias', 'cls.predictions.bias', 'cls.predictions.transform.dense.weight', 'cls.seq_relationship.bias', 'cls.predictions.transform.dense.bias', 'cls.predictions.decoder.weight', 'cls.predictions.decoder.bias']
- This IS expected if you are initializing BertForSequenceClassification from the checkpoint of a model trained on another task or with another architecture (e.g. initializing a BertForSequenceClassification model from a BertForPreTraining model).
- This IS NOT expected if you are initializing BertForSequenceClassification from the checkpoint of a model that you expect to be exactly identical (initializing a BertForSequenceClassification model from a BertForSequenceClassification model).
Some weights of BertForSequenceClassification were not initialized from the model checkpoint at model/pretrained/KcBERT-Base and are newly initialized: ['classifier.bias', 'classifier.weight']
You should probably TRAIN this model on a down-stream task to be able to use it for predictions and inference.
-----------------------------------------------------------------------------------------------------------------------------------------
Initializing distributed: GLOBAL_RANK: 1, MEMBER: 2/2
----------------------------------------------------------------------------------------------------
distributed_backend=nccl
All distributed processes registered. Starting with 2 processes
----------------------------------------------------------------------------------------------------

Missing logger folder: /data/dlt/proj/DeepKorean-23.03/model/finetuned/nsmc/lightning_logs
Missing logger folder: /data/dlt/proj/DeepKorean-23.03/model/finetuned/nsmc/lightning_logs
LOCAL_RANK: 1 - CUDA_VISIBLE_DEVICES: [0,1]
LOCAL_RANK: 0 - CUDA_VISIBLE_DEVICES: [0,1]

  | Name  | Type                          | Params
--------------------------------------------------------
0 | model | BertForSequenceClassification | 108 M
--------------------------------------------------------
108 M     Trainable params
0         Non-trainable params
108 M     Total params
435.680   Total estimated model params size (MB)
Epoch 0: 100%|██████████| 209/209 [01:38<00:00,  2.13it/s, v_num=0, acc=0.900]
Validation: 0it [00:00, ?it/s]
Validation:   0%|          | 0/70 [00:00<?, ?it/s]
Validation DataLoader 0:   0%|          | 0/70 [00:00<?, ?it/s]
Validation DataLoader 0:   1%|▏         | 1/70 [00:00<00:01, 39.21it/s]
Validation DataLoader 0:   3%|▎         | 2/70 [00:00<00:05, 12.26it/s]
Validation DataLoader 0:   4%|▍         | 3/70 [00:00<00:06,  9.65it/s]
Validation DataLoader 0:   6%|▌         | 4/70 [00:00<00:07,  8.70it/s]
Validation DataLoader 0:   7%|▋         | 5/70 [00:00<00:07,  8.20it/s]
Validation DataLoader 0:   9%|▊         | 6/70 [00:00<00:08,  7.91it/s]
Validation DataLoader 0:  10%|█         | 7/70 [00:00<00:08,  7.69it/s]
Validation DataLoader 0:  11%|█▏        | 8/70 [00:01<00:08,  7.52it/s]
Validation DataLoader 0:  13%|█▎        | 9/70 [00:01<00:08,  7.41it/s]
Validation DataLoader 0:  14%|█▍        | 10/70 [00:01<00:08,  7.33it/s]
Validation DataLoader 0:  16%|█▌        | 11/70 [00:01<00:08,  7.27it/s]
Validation DataLoader 0:  17%|█▋        | 12/70 [00:01<00:08,  7.22it/s]
Validation DataLoader 0:  19%|█▊        | 13/70 [00:01<00:07,  7.17it/s]
Validation DataLoader 0:  20%|██        | 14/70 [00:01<00:07,  7.12it/s]
Validation DataLoader 0:  21%|██▏       | 15/70 [00:02<00:07,  7.10it/s]
Validation DataLoader 0:  23%|██▎       | 16/70 [00:02<00:07,  7.07it/s]
Validation DataLoader 0:  24%|██▍       | 17/70 [00:02<00:07,  7.05it/s]
Validation DataLoader 0:  26%|██▌       | 18/70 [00:02<00:07,  7.02it/s]
Validation DataLoader 0:  27%|██▋       | 19/70 [00:02<00:07,  7.00it/s]
Validation DataLoader 0:  29%|██▊       | 20/70 [00:02<00:07,  6.99it/s]
Validation DataLoader 0:  30%|███       | 21/70 [00:03<00:07,  6.97it/s]
Validation DataLoader 0:  31%|███▏      | 22/70 [00:03<00:06,  6.96it/s]
Validation DataLoader 0:  33%|███▎      | 23/70 [00:03<00:06,  6.94it/s]
Validation DataLoader 0:  34%|███▍      | 24/70 [00:03<00:06,  6.93it/s]
Validation DataLoader 0:  36%|███▌      | 25/70 [00:03<00:06,  6.92it/s]
Validation DataLoader 0:  37%|███▋      | 26/70 [00:03<00:06,  6.91it/s]
Validation DataLoader 0:  39%|███▊      | 27/70 [00:03<00:06,  6.90it/s]
Validation DataLoader 0:  40%|████      | 28/70 [00:04<00:06,  6.89it/s]
Validation DataLoader 0:  41%|████▏     | 29/70 [00:04<00:05,  6.88it/s]
Validation DataLoader 0:  43%|████▎     | 30/70 [00:04<00:05,  6.88it/s]
Validation DataLoader 0:  44%|████▍     | 31/70 [00:04<00:05,  6.87it/s]
Validation DataLoader 0:  46%|████▌     | 32/70 [00:04<00:05,  6.86it/s]
Validation DataLoader 0:  47%|████▋     | 33/70 [00:04<00:05,  6.86it/s]
Validation DataLoader 0:  49%|████▊     | 34/70 [00:04<00:05,  6.85it/s]
Validation DataLoader 0:  50%|█████     | 35/70 [00:05<00:05,  6.85it/s]
Validation DataLoader 0:  51%|█████▏    | 36/70 [00:05<00:04,  6.84it/s]
Validation DataLoader 0:  53%|█████▎    | 37/70 [00:05<00:04,  6.84it/s]
Validation DataLoader 0:  54%|█████▍    | 38/70 [00:05<00:04,  6.83it/s]
Validation DataLoader 0:  56%|█████▌    | 39/70 [00:05<00:04,  6.83it/s]
Validation DataLoader 0:  57%|█████▋    | 40/70 [00:05<00:04,  6.82it/s]
Validation DataLoader 0:  59%|█████▊    | 41/70 [00:06<00:04,  6.82it/s]
Validation DataLoader 0:  60%|██████    | 42/70 [00:06<00:04,  6.81it/s]
Validation DataLoader 0:  61%|██████▏   | 43/70 [00:06<00:03,  6.81it/s]
Validation DataLoader 0:  63%|██████▎   | 44/70 [00:06<00:03,  6.81it/s]
Validation DataLoader 0:  64%|██████▍   | 45/70 [00:06<00:03,  6.81it/s]
Validation DataLoader 0:  66%|██████▌   | 46/70 [00:06<00:03,  6.80it/s]
Validation DataLoader 0:  67%|██████▋   | 47/70 [00:06<00:03,  6.80it/s]
Validation DataLoader 0:  69%|██████▊   | 48/70 [00:07<00:03,  6.80it/s]
Validation DataLoader 0:  70%|███████   | 49/70 [00:07<00:03,  6.79it/s]
Validation DataLoader 0:  71%|███████▏  | 50/70 [00:07<00:02,  6.79it/s]
Validation DataLoader 0:  73%|███████▎  | 51/70 [00:07<00:02,  6.79it/s]
Validation DataLoader 0:  74%|███████▍  | 52/70 [00:07<00:02,  6.79it/s]
Validation DataLoader 0:  76%|███████▌  | 53/70 [00:07<00:02,  6.78it/s]
Validation DataLoader 0:  77%|███████▋  | 54/70 [00:07<00:02,  6.78it/s]
Validation DataLoader 0:  79%|███████▊  | 55/70 [00:08<00:02,  6.78it/s]
Validation DataLoader 0:  80%|████████  | 56/70 [00:08<00:02,  6.78it/s]
Validation DataLoader 0:  81%|████████▏ | 57/70 [00:08<00:01,  6.77it/s]
Validation DataLoader 0:  83%|████████▎ | 58/70 [00:08<00:01,  6.77it/s]
Validation DataLoader 0:  84%|████████▍ | 59/70 [00:08<00:01,  6.77it/s]
Validation DataLoader 0:  86%|████████▌ | 60/70 [00:08<00:01,  6.77it/s]
Validation DataLoader 0:  87%|████████▋ | 61/70 [00:09<00:01,  6.77it/s]
Validation DataLoader 0:  89%|████████▊ | 62/70 [00:09<00:01,  6.77it/s]
Validation DataLoader 0:  90%|█████████ | 63/70 [00:09<00:01,  6.76it/s]
Validation DataLoader 0:  91%|█████████▏| 64/70 [00:09<00:00,  6.76it/s]
Validation DataLoader 0:  93%|█████████▎| 65/70 [00:09<00:00,  6.76it/s]
Validation DataLoader 0:  94%|█████████▍| 66/70 [00:09<00:00,  6.76it/s]
Validation DataLoader 0:  96%|█████████▌| 67/70 [00:09<00:00,  6.76it/s]
Validation DataLoader 0:  97%|█████████▋| 68/70 [00:10<00:00,  6.76it/s]
Validation DataLoader 0:  99%|█████████▊| 69/70 [00:10<00:00,  6.75it/s]
Validation DataLoader 0: 100%|██████████| 70/70 [00:10<00:00,  6.75it/s]/data/dlt/proj/DeepKorean-23.03/lightning/src/lightning/pytorch/trainer/connectors/logger_connector/result.py:432: PossibleUserWarning: It is recommended to use `self.log('val_loss', ..., sync_dist=True)` when logging on epoch level in distributed setting to accumulate the metric across devices.
  warning_cache.warn(
/data/dlt/proj/DeepKorean-23.03/lightning/src/lightning/pytorch/trainer/connectors/logger_connector/result.py:432: PossibleUserWarning: It is recommended to use `self.log('val_acc', ..., sync_dist=True)` when logging on epoch level in distributed setting to accumulate the metric across devices.
  warning_cache.warn(
Epoch 0: 100%|██████████| 209/209 [01:49<00:00,  1.90it/s, v_num=0, acc=0.900, val_loss=0.256, val_acc=0.896]
Epoch 1: 100%|██████████| 209/209 [01:38<00:00,  2.13it/s, v_num=0, acc=0.883, val_loss=0.256, val_acc=0.896]
Validation: 0it [00:00, ?it/s]
Validation:   0%|          | 0/70 [00:00<?, ?it/s]
Validation DataLoader 0:   0%|          | 0/70 [00:00<?, ?it/s]
Validation DataLoader 0:   1%|▏         | 1/70 [00:00<00:01, 51.25it/s]
Validation DataLoader 0:   3%|▎         | 2/70 [00:00<00:05, 12.44it/s]
Validation DataLoader 0:   4%|▍         | 3/70 [00:00<00:06,  9.65it/s]
Validation DataLoader 0:   6%|▌         | 4/70 [00:00<00:07,  8.69it/s]
Validation DataLoader 0:   7%|▋         | 5/70 [00:00<00:07,  8.20it/s]
Validation DataLoader 0:   9%|▊         | 6/70 [00:00<00:08,  7.90it/s]
Validation DataLoader 0:  10%|█         | 7/70 [00:00<00:08,  7.70it/s]
Validation DataLoader 0:  11%|█▏        | 8/70 [00:01<00:08,  7.55it/s]
Validation DataLoader 0:  13%|█▎        | 9/70 [00:01<00:08,  7.44it/s]
Validation DataLoader 0:  14%|█▍        | 10/70 [00:01<00:08,  7.36it/s]
Validation DataLoader 0:  16%|█▌        | 11/70 [00:01<00:08,  7.29it/s]
Validation DataLoader 0:  17%|█▋        | 12/70 [00:01<00:08,  7.24it/s]
Validation DataLoader 0:  19%|█▊        | 13/70 [00:01<00:07,  7.19it/s]
Validation DataLoader 0:  20%|██        | 14/70 [00:01<00:07,  7.15it/s]
Validation DataLoader 0:  21%|██▏       | 15/70 [00:02<00:07,  7.12it/s]
Validation DataLoader 0:  23%|██▎       | 16/70 [00:02<00:07,  7.07it/s]
Validation DataLoader 0:  24%|██▍       | 17/70 [00:02<00:07,  7.05it/s]
Validation DataLoader 0:  26%|██▌       | 18/70 [00:02<00:07,  7.03it/s]
Validation DataLoader 0:  27%|██▋       | 19/70 [00:02<00:07,  7.01it/s]
Validation DataLoader 0:  29%|██▊       | 20/70 [00:02<00:07,  7.00it/s]
Validation DataLoader 0:  30%|███       | 21/70 [00:03<00:07,  6.98it/s]
Validation DataLoader 0:  31%|███▏      | 22/70 [00:03<00:06,  6.96it/s]
Validation DataLoader 0:  33%|███▎      | 23/70 [00:03<00:06,  6.95it/s]
Validation DataLoader 0:  34%|███▍      | 24/70 [00:03<00:06,  6.93it/s]
Validation DataLoader 0:  36%|███▌      | 25/70 [00:03<00:06,  6.92it/s]
Validation DataLoader 0:  37%|███▋      | 26/70 [00:03<00:06,  6.91it/s]
Validation DataLoader 0:  39%|███▊      | 27/70 [00:03<00:06,  6.90it/s]
Validation DataLoader 0:  40%|████      | 28/70 [00:04<00:06,  6.89it/s]
Validation DataLoader 0:  41%|████▏     | 29/70 [00:04<00:05,  6.89it/s]
Validation DataLoader 0:  43%|████▎     | 30/70 [00:04<00:05,  6.88it/s]
Validation DataLoader 0:  44%|████▍     | 31/70 [00:04<00:05,  6.87it/s]
Validation DataLoader 0:  46%|████▌     | 32/70 [00:04<00:05,  6.87it/s]
Validation DataLoader 0:  47%|████▋     | 33/70 [00:04<00:05,  6.86it/s]
Validation DataLoader 0:  49%|████▊     | 34/70 [00:04<00:05,  6.85it/s]
Validation DataLoader 0:  50%|█████     | 35/70 [00:05<00:05,  6.85it/s]
Validation DataLoader 0:  51%|█████▏    | 36/70 [00:05<00:04,  6.84it/s]
Validation DataLoader 0:  53%|█████▎    | 37/70 [00:05<00:04,  6.84it/s]
Validation DataLoader 0:  54%|█████▍    | 38/70 [00:05<00:04,  6.83it/s]
Validation DataLoader 0:  56%|█████▌    | 39/70 [00:05<00:04,  6.83it/s]
Validation DataLoader 0:  57%|█████▋    | 40/70 [00:05<00:04,  6.82it/s]
Validation DataLoader 0:  59%|█████▊    | 41/70 [00:06<00:04,  6.82it/s]
Validation DataLoader 0:  60%|██████    | 42/70 [00:06<00:04,  6.81it/s]
Validation DataLoader 0:  61%|██████▏   | 43/70 [00:06<00:03,  6.81it/s]
Validation DataLoader 0:  63%|██████▎   | 44/70 [00:06<00:03,  6.81it/s]
Validation DataLoader 0:  64%|██████▍   | 45/70 [00:06<00:03,  6.80it/s]
Validation DataLoader 0:  66%|██████▌   | 46/70 [00:06<00:03,  6.80it/s]
Validation DataLoader 0:  67%|██████▋   | 47/70 [00:06<00:03,  6.80it/s]
Validation DataLoader 0:  69%|██████▊   | 48/70 [00:07<00:03,  6.80it/s]
Validation DataLoader 0:  70%|███████   | 49/70 [00:07<00:03,  6.79it/s]
Validation DataLoader 0:  71%|███████▏  | 50/70 [00:07<00:02,  6.79it/s]
Validation DataLoader 0:  73%|███████▎  | 51/70 [00:07<00:02,  6.79it/s]
Validation DataLoader 0:  74%|███████▍  | 52/70 [00:07<00:02,  6.79it/s]
Validation DataLoader 0:  76%|███████▌  | 53/70 [00:07<00:02,  6.78it/s]
Validation DataLoader 0:  77%|███████▋  | 54/70 [00:07<00:02,  6.78it/s]
Validation DataLoader 0:  79%|███████▊  | 55/70 [00:08<00:02,  6.78it/s]
Validation DataLoader 0:  80%|████████  | 56/70 [00:08<00:02,  6.78it/s]
Validation DataLoader 0:  81%|████████▏ | 57/70 [00:08<00:01,  6.78it/s]
Validation DataLoader 0:  83%|████████▎ | 58/70 [00:08<00:01,  6.77it/s]
Validation DataLoader 0:  84%|████████▍ | 59/70 [00:08<00:01,  6.77it/s]
Validation DataLoader 0:  86%|████████▌ | 60/70 [00:08<00:01,  6.77it/s]
Validation DataLoader 0:  87%|████████▋ | 61/70 [00:09<00:01,  6.77it/s]
Validation DataLoader 0:  89%|████████▊ | 62/70 [00:09<00:01,  6.76it/s]
Validation DataLoader 0:  90%|█████████ | 63/70 [00:09<00:01,  6.76it/s]
Validation DataLoader 0:  91%|█████████▏| 64/70 [00:09<00:00,  6.76it/s]
Validation DataLoader 0:  93%|█████████▎| 65/70 [00:09<00:00,  6.76it/s]
Validation DataLoader 0:  94%|█████████▍| 66/70 [00:09<00:00,  6.76it/s]
Validation DataLoader 0:  96%|█████████▌| 67/70 [00:09<00:00,  6.76it/s]
Validation DataLoader 0:  97%|█████████▋| 68/70 [00:10<00:00,  6.76it/s]
Validation DataLoader 0:  99%|█████████▊| 69/70 [00:10<00:00,  6.75it/s]
Epoch 1: 100%|██████████| 209/209 [01:50<00:00,  1.89it/s, v_num=0, acc=0.883, val_loss=0.251, val_acc=0.901]
Epoch 2: 100%|██████████| 209/209 [01:38<00:00,  2.12it/s, v_num=0, acc=0.950, val_loss=0.251, val_acc=0.901]
Validation: 0it [00:00, ?it/s]
Validation:   0%|          | 0/70 [00:00<?, ?it/s]
Validation DataLoader 0:   0%|          | 0/70 [00:00<?, ?it/s]
Validation DataLoader 0:   1%|▏         | 1/70 [00:00<00:01, 50.83it/s]
Validation DataLoader 0:   3%|▎         | 2/70 [00:00<00:05, 12.44it/s]
Validation DataLoader 0:   4%|▍         | 3/70 [00:00<00:06,  9.68it/s]
Validation DataLoader 0:   6%|▌         | 4/70 [00:00<00:07,  8.72it/s]
Validation DataLoader 0:   7%|▋         | 5/70 [00:00<00:07,  8.23it/s]
Validation DataLoader 0:   9%|▊         | 6/70 [00:00<00:08,  7.92it/s]
Validation DataLoader 0:  10%|█         | 7/70 [00:00<00:08,  7.71it/s]
Validation DataLoader 0:  11%|█▏        | 8/70 [00:01<00:08,  7.54it/s]
Validation DataLoader 0:  13%|█▎        | 9/70 [00:01<00:08,  7.43it/s]
Validation DataLoader 0:  14%|█▍        | 10/70 [00:01<00:08,  7.35it/s]
Validation DataLoader 0:  16%|█▌        | 11/70 [00:01<00:08,  7.29it/s]
Validation DataLoader 0:  17%|█▋        | 12/70 [00:01<00:08,  7.23it/s]
Validation DataLoader 0:  19%|█▊        | 13/70 [00:01<00:07,  7.18it/s]
Validation DataLoader 0:  20%|██        | 14/70 [00:01<00:07,  7.14it/s]
Validation DataLoader 0:  21%|██▏       | 15/70 [00:02<00:07,  7.10it/s]
Validation DataLoader 0:  23%|██▎       | 16/70 [00:02<00:07,  7.08it/s]
Validation DataLoader 0:  24%|██▍       | 17/70 [00:02<00:07,  7.04it/s]
Validation DataLoader 0:  26%|██▌       | 18/70 [00:02<00:07,  7.00it/s]
Validation DataLoader 0:  27%|██▋       | 19/70 [00:02<00:07,  7.00it/s]
Validation DataLoader 0:  29%|██▊       | 20/70 [00:02<00:07,  6.98it/s]
Validation DataLoader 0:  30%|███       | 21/70 [00:03<00:07,  6.97it/s]
Validation DataLoader 0:  31%|███▏      | 22/70 [00:03<00:06,  6.95it/s]
Validation DataLoader 0:  33%|███▎      | 23/70 [00:03<00:06,  6.94it/s]
Validation DataLoader 0:  34%|███▍      | 24/70 [00:03<00:06,  6.93it/s]
Validation DataLoader 0:  36%|███▌      | 25/70 [00:03<00:06,  6.92it/s]
Validation DataLoader 0:  37%|███▋      | 26/70 [00:03<00:06,  6.91it/s]
Validation DataLoader 0:  39%|███▊      | 27/70 [00:03<00:06,  6.90it/s]
Validation DataLoader 0:  40%|████      | 28/70 [00:04<00:06,  6.89it/s]
Validation DataLoader 0:  41%|████▏     | 29/70 [00:04<00:05,  6.88it/s]
Validation DataLoader 0:  43%|████▎     | 30/70 [00:04<00:05,  6.88it/s]
Validation DataLoader 0:  44%|████▍     | 31/70 [00:04<00:05,  6.87it/s]
Validation DataLoader 0:  46%|████▌     | 32/70 [00:04<00:05,  6.86it/s]
Validation DataLoader 0:  47%|████▋     | 33/70 [00:04<00:05,  6.85it/s]
Validation DataLoader 0:  49%|████▊     | 34/70 [00:04<00:05,  6.85it/s]
Validation DataLoader 0:  50%|█████     | 35/70 [00:05<00:05,  6.84it/s]
Validation DataLoader 0:  51%|█████▏    | 36/70 [00:05<00:04,  6.84it/s]
Validation DataLoader 0:  53%|█████▎    | 37/70 [00:05<00:04,  6.83it/s]
Validation DataLoader 0:  54%|█████▍    | 38/70 [00:05<00:04,  6.83it/s]
Validation DataLoader 0:  56%|█████▌    | 39/70 [00:05<00:04,  6.82it/s]
Validation DataLoader 0:  57%|█████▋    | 40/70 [00:05<00:04,  6.82it/s]
Validation DataLoader 0:  59%|█████▊    | 41/70 [00:06<00:04,  6.82it/s]
Validation DataLoader 0:  60%|██████    | 42/70 [00:06<00:04,  6.81it/s]
Validation DataLoader 0:  61%|██████▏   | 43/70 [00:06<00:03,  6.81it/s]
Validation DataLoader 0:  63%|██████▎   | 44/70 [00:06<00:03,  6.81it/s]
Validation DataLoader 0:  64%|██████▍   | 45/70 [00:06<00:03,  6.80it/s]
Validation DataLoader 0:  66%|██████▌   | 46/70 [00:06<00:03,  6.80it/s]
Validation DataLoader 0:  67%|██████▋   | 47/70 [00:06<00:03,  6.80it/s]
Validation DataLoader 0:  69%|██████▊   | 48/70 [00:07<00:03,  6.79it/s]
Validation DataLoader 0:  70%|███████   | 49/70 [00:07<00:03,  6.79it/s]
Validation DataLoader 0:  71%|███████▏  | 50/70 [00:07<00:02,  6.79it/s]
Validation DataLoader 0:  73%|███████▎  | 51/70 [00:07<00:02,  6.78it/s]
Validation DataLoader 0:  74%|███████▍  | 52/70 [00:07<00:02,  6.78it/s]
Validation DataLoader 0:  76%|███████▌  | 53/70 [00:07<00:02,  6.78it/s]
Validation DataLoader 0:  77%|███████▋  | 54/70 [00:07<00:02,  6.78it/s]
Validation DataLoader 0:  79%|███████▊  | 55/70 [00:08<00:02,  6.77it/s]
Validation DataLoader 0:  80%|████████  | 56/70 [00:08<00:02,  6.77it/s]
Validation DataLoader 0:  81%|████████▏ | 57/70 [00:08<00:01,  6.77it/s]
Validation DataLoader 0:  83%|████████▎ | 58/70 [00:08<00:01,  6.77it/s]
Validation DataLoader 0:  84%|████████▍ | 59/70 [00:08<00:01,  6.77it/s]
Validation DataLoader 0:  86%|████████▌ | 60/70 [00:08<00:01,  6.76it/s]
Validation DataLoader 0:  87%|████████▋ | 61/70 [00:09<00:01,  6.76it/s]
Validation DataLoader 0:  89%|████████▊ | 62/70 [00:09<00:01,  6.76it/s]
Validation DataLoader 0:  90%|█████████ | 63/70 [00:09<00:01,  6.76it/s]
Validation DataLoader 0:  91%|█████████▏| 64/70 [00:09<00:00,  6.76it/s]
Validation DataLoader 0:  93%|█████████▎| 65/70 [00:09<00:00,  6.76it/s]
Validation DataLoader 0:  94%|█████████▍| 66/70 [00:09<00:00,  6.75it/s]
Validation DataLoader 0:  96%|█████████▌| 67/70 [00:09<00:00,  6.75it/s]
Validation DataLoader 0:  97%|█████████▋| 68/70 [00:10<00:00,  6.75it/s]
Validation DataLoader 0:  99%|█████████▊| 69/70 [00:10<00:00,  6.75it/s]
Epoch 2: 100%|██████████| 209/209 [01:50<00:00,  1.89it/s, v_num=0, acc=0.950, val_loss=0.302, val_acc=0.898]
Epoch 2: 100%|██████████| 209/209 [01:50<00:00,  1.89it/s, v_num=0, acc=0.950, val_loss=0.302, val_acc=0.898]=========================================================================================================================================
[03.20 20:44:03] [EXIT] chrialab.ratsnlp train(config=tests/1-doc_cls-train.json, prefix=, postfix=) ($=00:06:09.069)
=========================================================================================================================================

`Trainer.fit` stopped: `max_epochs=3` reached.
Epoch 2: 100%|██████████| 209/209 [01:52<00:00,  1.86it/s, v_num=0, acc=0.950, val_loss=0.302, val_acc=0.898]
=========================================================================================================================================
[03.20 20:44:05] [EXIT] chrialab.ratsnlp train(config=tests/1-doc_cls-train.json, prefix=, postfix=) ($=00:06:44.624)
=========================================================================================================================================


Process finished with exit code 0
